# JRE version: Java(TM) SE Runtime Environment 18.9 (11.0.18+9) (build 11.0.18+9-LTS-195)
# Java VM: Java HotSpot(TM) 64-Bit Server VM 18.9 (11.0.18+9-LTS-195, mixed mode, tiered, compressed oops, g1 gc, windows-amd64)
Heap:
 garbage-first heap   total 258048K, used 156124K [0x0000000080000000, 0x0000000100000000)
  region size 1024K, 118 young (120832K), 10 survivors (10240K)
 Metaspace       used 68244K, capacity 70026K, committed 70144K, reserved 577536K
  class space    used 8958K, capacity 9712K, committed 9728K, reserved 516096K
GC Heap History (10 events):
Event: 26.607 GC heap before
{Heap before GC invocations=6 (full 0):
 garbage-first heap   total 258048K, used 83336K [0x0000000080000000, 0x0000000100000000)
  region size 1024K, 68 young (69632K), 4 survivors (4096K)
 Metaspace       used 26996K, capacity 27626K, committed 27904K, reserved 540672K
  class space    used 3532K, capacity 3808K, committed 3840K, reserved 516096K
}
Event: 26.617 GC heap after
{Heap after GC invocations=7 (full 0):
 garbage-first heap   total 258048K, used 20964K [0x0000000080000000, 0x0000000100000000)
  region size 1024K, 6 young (6144K), 6 survivors (6144K)
 Metaspace       used 26996K, capacity 27626K, committed 27904K, reserved 540672K
  class space    used 3532K, capacity 3808K, committed 3840K, reserved 516096K
}
Event: 28.508 GC heap before
{Heap before GC invocations=7 (full 0):
 garbage-first heap   total 258048K, used 81380K [0x0000000080000000, 0x0000000100000000)
  region size 1024K, 66 young (67584K), 6 survivors (6144K)
 Metaspace       used 35026K, capacity 35799K, committed 35968K, reserved 548864K
  class space    used 4552K, capacity 4878K, committed 4992K, reserved 516096K
}
Event: 28.520 GC heap after
{Heap after GC invocations=8 (full 0):
 garbage-first heap   total 258048K, used 23993K [0x0000000080000000, 0x0000000100000000)
  region size 1024K, 9 young (9216K), 9 survivors (9216K)
 Metaspace       used 35026K, capacity 35799K, committed 35968K, reserved 548864K
  class space    used 4552K, capacity 4878K, committed 4992K, reserved 516096K
}
Event: 55.435 GC heap before
{Heap before GC invocations=9 (full 0):
 garbage-first heap   total 258048K, used 127417K [0x0000000080000000, 0x0000000100000000)
  region size 1024K, 107 young (109568K), 9 survivors (9216K)
 Metaspace       used 42927K, capacity 44081K, committed 44160K, reserved 555008K
  class space    used 5494K, capacity 5988K, committed 6016K, reserved 516096K
}
Event: 55.464 GC heap after
{Heap after GC invocations=10 (full 0):
 garbage-first heap   total 258048K, used 31444K [0x0000000080000000, 0x0000000100000000)
  region size 1024K, 14 young (14336K), 14 survivors (14336K)
 Metaspace       used 42927K, capacity 44081K, committed 44160K, reserved 555008K
  class space    used 5494K, capacity 5988K, committed 6016K, reserved 516096K
}
Event: 60.551 GC heap before
{Heap before GC invocations=10 (full 0):
 garbage-first heap   total 258048K, used 151252K [0x0000000080000000, 0x0000000100000000)
  region size 1024K, 131 young (134144K), 14 survivors (14336K)
 Metaspace       used 51691K, capacity 53109K, committed 53248K, reserved 563200K
  class space    used 6738K, capacity 7333K, committed 7424K, reserved 516096K
}
Event: 60.574 GC heap after
{Heap after GC invocations=11 (full 0):
 garbage-first heap   total 258048K, used 35927K [0x0000000080000000, 0x0000000100000000)
  region size 1024K, 12 young (12288K), 12 survivors (12288K)
 Metaspace       used 51691K, capacity 53109K, committed 53248K, reserved 563200K
  class space    used 6738K, capacity 7333K, committed 7424K, reserved 516096K
}
Event: 69.026 GC heap before
{Heap before GC invocations=11 (full 0):
 garbage-first heap   total 258048K, used 91223K [0x0000000080000000, 0x0000000100000000)
  region size 1024K, 61 young (62464K), 12 survivors (12288K)
 Metaspace       used 58599K, capacity 60161K, committed 60288K, reserved 569344K
  class space    used 7585K, capacity 8232K, committed 8320K, reserved 516096K
}
Event: 69.044 GC heap after
{Heap after GC invocations=12 (full 0):
 garbage-first heap   total 258048K, used 46556K [0x0000000080000000, 0x0000000100000000)
  region size 1024K, 10 young (10240K), 10 survivors (10240K)
 Metaspace       used 58599K, capacity 60161K, committed 60288K, reserved 569344K
  class space    used 7585K, capacity 8232K, committed 8320K, reserved 516096K
}

