# JRE version: Java(TM) SE Runtime Environment 18.9 (11.0.18+9) (build 11.0.18+9-LTS-195)
# Java VM: Java HotSpot(TM) 64-Bit Server VM 18.9 (11.0.18+9-LTS-195, mixed mode, tiered, compressed oops, g1 gc, windows-amd64)
Heap:
 garbage-first heap   total 258048K, used 63563K [0x0000000080000000, 0x0000000100000000)
  region size 1024K, 46 young (47104K), 6 survivors (6144K)
 Metaspace       used 38793K, capacity 39720K, committed 39808K, reserved 550912K
  class space    used 5030K, capacity 5419K, committed 5504K, reserved 516096K
GC Heap History (10 events):
Event: 1.501 GC heap before
{Heap before GC invocations=0 (full 0):
 garbage-first heap   total 258048K, used 13312K [0x0000000080000000, 0x0000000100000000)
  region size 1024K, 14 young (14336K), 0 survivors (0K)
 Metaspace       used 6697K, capacity 6872K, committed 7168K, reserved 524288K
  class space    used 579K, capacity 650K, committed 768K, reserved 516096K
}
Event: 1.607 GC heap after
{Heap after GC invocations=1 (full 0):
 garbage-first heap   total 258048K, used 3859K [0x0000000080000000, 0x0000000100000000)
  region size 1024K, 2 young (2048K), 2 survivors (2048K)
 Metaspace       used 6697K, capacity 6872K, committed 7168K, reserved 524288K
  class space    used 579K, capacity 650K, committed 768K, reserved 516096K
}
Event: 11.046 GC heap before
{Heap before GC invocations=1 (full 0):
 garbage-first heap   total 258048K, used 114451K [0x0000000080000000, 0x0000000100000000)
  region size 1024K, 106 young (108544K), 2 survivors (2048K)
 Metaspace       used 20702K, capacity 21241K, committed 21296K, reserved 536576K
  class space    used 2516K, capacity 2688K, committed 2688K, reserved 516096K
}
Event: 11.059 GC heap after
{Heap after GC invocations=2 (full 0):
 garbage-first heap   total 258048K, used 18090K [0x0000000080000000, 0x0000000100000000)
  region size 1024K, 12 young (12288K), 12 survivors (12288K)
 Metaspace       used 20702K, capacity 21241K, committed 21296K, reserved 536576K
  class space    used 2516K, capacity 2688K, committed 2688K, reserved 516096K
}
Event: 13.417 GC heap before
{Heap before GC invocations=3 (full 0):
 garbage-first heap   total 258048K, used 68266K [0x0000000080000000, 0x0000000100000000)
  region size 1024K, 61 young (62464K), 12 survivors (12288K)
 Metaspace       used 25091K, capacity 25666K, committed 25856K, reserved 538624K
  class space    used 3248K, capacity 3487K, committed 3584K, reserved 516096K
}
Event: 13.429 GC heap after
{Heap after GC invocations=4 (full 0):
 garbage-first heap   total 258048K, used 20197K [0x0000000080000000, 0x0000000100000000)
  region size 1024K, 3 young (3072K), 3 survivors (3072K)
 Metaspace       used 25091K, capacity 25666K, committed 25856K, reserved 538624K
  class space    used 3248K, capacity 3487K, committed 3584K, reserved 516096K
}
Event: 17.757 GC heap before
{Heap before GC invocations=4 (full 0):
 garbage-first heap   total 258048K, used 89829K [0x0000000080000000, 0x0000000100000000)
  region size 1024K, 71 young (72704K), 3 survivors (3072K)
 Metaspace       used 32375K, capacity 33173K, committed 33408K, reserved 544768K
  class space    used 4340K, capacity 4662K, committed 4736K, reserved 516096K
}
Event: 17.766 GC heap after
{Heap after GC invocations=5 (full 0):
 garbage-first heap   total 258048K, used 22459K [0x0000000080000000, 0x0000000100000000)
  region size 1024K, 5 young (5120K), 5 survivors (5120K)
 Metaspace       used 32375K, capacity 33173K, committed 33408K, reserved 544768K
  class space    used 4340K, capacity 4662K, committed 4736K, reserved 516096K
}
Event: 18.243 GC heap before
{Heap before GC invocations=5 (full 0):
 garbage-first heap   total 258048K, used 28603K [0x0000000080000000, 0x0000000100000000)
  region size 1024K, 12 young (12288K), 5 survivors (5120K)
 Metaspace       used 34989K, capacity 35833K, committed 35968K, reserved 548864K
  class space    used 4553K, capacity 4910K, committed 4992K, reserved 516096K
}
Event: 18.250 GC heap after
{Heap after GC invocations=6 (full 0):
 garbage-first heap   total 258048K, used 23627K [0x0000000080000000, 0x0000000100000000)
  region size 1024K, 6 young (6144K), 6 survivors (6144K)
 Metaspace       used 34989K, capacity 35833K, committed 35968K, reserved 548864K
  class space    used 4553K, capacity 4910K, committed 4992K, reserved 516096K
}

