# JRE version: Java(TM) SE Runtime Environment 18.9 (11.0.18+9) (build 11.0.18+9-LTS-195)
# Java VM: Java HotSpot(TM) 64-Bit Server VM 18.9 (11.0.18+9-LTS-195, mixed mode, tiered, compressed oops, g1 gc, windows-amd64)
Heap:
 garbage-first heap   total 258048K, used 80556K [0x0000000080000000, 0x0000000100000000)
  region size 1024K, 61 young (62464K), 7 survivors (7168K)
 Metaspace       used 40240K, capacity 41156K, committed 41372K, reserved 552960K
  class space    used 5128K, capacity 5531K, committed 5632K, reserved 516096K
GC Heap History (10 events):
Event: 5.544 GC heap before
{Heap before GC invocations=2 (full 0):
 garbage-first heap   total 258048K, used 43335K [0x0000000080000000, 0x0000000100000000)
  region size 1024K, 34 young (34816K), 2 survivors (2048K)
 Metaspace       used 11183K, capacity 11387K, committed 11520K, reserved 526336K
  class space    used 1157K, capacity 1244K, committed 1280K, reserved 516096K
}
Event: 5.549 GC heap after
{Heap after GC invocations=3 (full 0):
 garbage-first heap   total 258048K, used 14802K [0x0000000080000000, 0x0000000100000000)
  region size 1024K, 5 young (5120K), 5 survivors (5120K)
 Metaspace       used 11183K, capacity 11387K, committed 11520K, reserved 526336K
  class space    used 1157K, capacity 1244K, committed 1280K, reserved 516096K
}
Event: 12.703 GC heap before
{Heap before GC invocations=3 (full 0):
 garbage-first heap   total 258048K, used 60882K [0x0000000080000000, 0x0000000100000000)
  region size 1024K, 50 young (51200K), 5 survivors (5120K)
 Metaspace       used 19179K, capacity 19571K, committed 19712K, reserved 534528K
  class space    used 2277K, capacity 2445K, committed 2560K, reserved 516096K
}
Event: 12.713 GC heap after
{Heap after GC invocations=4 (full 0):
 garbage-first heap   total 258048K, used 17786K [0x0000000080000000, 0x0000000100000000)
  region size 1024K, 6 young (6144K), 6 survivors (6144K)
 Metaspace       used 19179K, capacity 19571K, committed 19712K, reserved 534528K
  class space    used 2277K, capacity 2445K, committed 2560K, reserved 516096K
}
Event: 13.279 GC heap before
{Heap before GC invocations=4 (full 0):
 garbage-first heap   total 258048K, used 32122K [0x0000000080000000, 0x0000000100000000)
  region size 1024K, 21 young (21504K), 6 survivors (6144K)
 Metaspace       used 20720K, capacity 21240K, committed 21296K, reserved 536576K
  class space    used 2518K, capacity 2688K, committed 2688K, reserved 516096K
}
Event: 13.290 GC heap after
{Heap after GC invocations=5 (full 0):
 garbage-first heap   total 258048K, used 18674K [0x0000000080000000, 0x0000000100000000)
  region size 1024K, 4 young (4096K), 4 survivors (4096K)
 Metaspace       used 20720K, capacity 21240K, committed 21296K, reserved 536576K
  class space    used 2518K, capacity 2688K, committed 2688K, reserved 516096K
}
Event: 21.076 GC heap before
{Heap before GC invocations=6 (full 0):
 garbage-first heap   total 258048K, used 76018K [0x0000000080000000, 0x0000000100000000)
  region size 1024K, 60 young (61440K), 4 survivors (4096K)
 Metaspace       used 26075K, capacity 26689K, committed 26752K, reserved 540672K
  class space    used 3402K, capacity 3659K, committed 3712K, reserved 516096K
}
Event: 21.086 GC heap after
{Heap after GC invocations=7 (full 0):
 garbage-first heap   total 258048K, used 20662K [0x0000000080000000, 0x0000000100000000)
  region size 1024K, 6 young (6144K), 6 survivors (6144K)
 Metaspace       used 26075K, capacity 26689K, committed 26752K, reserved 540672K
  class space    used 3402K, capacity 3659K, committed 3712K, reserved 516096K
}
Event: 32.959 GC heap before
{Heap before GC invocations=7 (full 0):
 garbage-first heap   total 258048K, used 89270K [0x0000000080000000, 0x0000000100000000)
  region size 1024K, 74 young (75776K), 6 survivors (6144K)
 Metaspace       used 34998K, capacity 35806K, committed 35968K, reserved 548864K
  class space    used 4534K, capacity 4879K, committed 4992K, reserved 516096K
}
Event: 32.972 GC heap after
{Heap after GC invocations=8 (full 0):
 garbage-first heap   total 258048K, used 24236K [0x0000000080000000, 0x0000000100000000)
  region size 1024K, 7 young (7168K), 7 survivors (7168K)
 Metaspace       used 34998K, capacity 35806K, committed 35968K, reserved 548864K
  class space    used 4534K, capacity 4879K, committed 4992K, reserved 516096K
}

